ArrayCount(foo) = 100
bar[50] = 50
MemoryMatch(foo, bar, sizeof(foo)) = 1
bar[50] = 0
MemoryMatch(foo, bar, sizeof(foo)) = 0
OffsetOfMember(TestStruct, a) = 0
OffsetOfMember(TestStruct, b) = 4
OffsetOfMember(TestStruct, c) = 8
OffsetOfMember(TestStruct, d) = 12
t.a = 1
t.d = 4
t.a = 0
t.d = 0
Min(1, 10) = 1
Min(100, 10) = 10
Max(1, 10) = 10
Max(100, 10) = 100
Clamp(1, 10, 100) = 10
Clamp(1, 0, 100) = 1
Clamp(1, 500, 100) = 100
min_s8 = -128
min_s16 = -32768
min_s32 = -2147483648
min_s64 = -9223372036854775808
max_s8 = 127
max_s16 = 32767
max_s32 = 2147483647
max_s64 = 9223372036854775807
inf = 1.#INF00
neg_inf = -1.#INF00
